<?xml version="1.0" encoding="UTF-8"?>
<testng-results ignored="0" total="1" passed="1" failed="0" skipped="0">
  <reporter-output>
  </reporter-output>
  <suite started-at="2024-12-15T18:15:58 IST" name="Default suite" finished-at="2024-12-15T18:16:16 IST" duration-ms="17709">
    <groups>
      <group name="cucumber">
        <method signature="AbstractTestNGCucumberTests.runScenario(io.cucumber.testng.PickleWrapper,io.cucumber.testng.FeatureWrapper)[pri:0, instance:TestRunner.BDDTestRunner@1d296da]" name="runScenario" class="io.cucumber.testng.AbstractTestNGCucumberTests"/>
      </group> <!-- cucumber -->
    </groups>
    <test started-at="2024-12-15T18:15:58 IST" name="Default test" finished-at="2024-12-15T18:16:16 IST" duration-ms="17709">
      <class name="TestRunner.BDDTestRunner">
        <test-method is-config="true" signature="setUpClass(org.testng.ITestContext)[pri:0, instance:TestRunner.BDDTestRunner@1d296da]" started-at="2024-12-15T18:15:58 IST" name="setUpClass" finished-at="2024-12-15T18:15:58 IST" duration-ms="477" status="PASS">
          <params>
            <param index="0">
              <value>
                <![CDATA[org.testng.TestRunner@5cdf39b2]]>
              </value>
            </param>
          </params>
          <reporter-output>
          </reporter-output>
        </test-method> <!-- setUpClass -->
        <test-method signature="runScenario(io.cucumber.testng.PickleWrapper,io.cucumber.testng.FeatureWrapper)[pri:0, instance:TestRunner.BDDTestRunner@1d296da]" started-at="2024-12-15T18:15:58 IST" name="runScenario" description="Runs Cucumber Scenarios" data-provider="scenarios" finished-at="2024-12-15T18:16:15 IST" duration-ms="17158" status="PASS">
          <params>
            <param index="0">
              <value>
                <![CDATA["Launching the site"]]>
              </value>
            </param>
            <param index="1">
              <value>
                <![CDATA["Automation assessment of magento test site"]]>
              </value>
            </param>
          </params>
          <reporter-output>
          </reporter-output>
        </test-method> <!-- runScenario -->
        <test-method is-config="true" signature="tearDownClass()[pri:0, instance:TestRunner.BDDTestRunner@1d296da]" started-at="2024-12-15T18:16:15 IST" name="tearDownClass" finished-at="2024-12-15T18:16:16 IST" duration-ms="30" status="PASS">
          <reporter-output>
          </reporter-output>
        </test-method> <!-- tearDownClass -->
      </class> <!-- TestRunner.BDDTestRunner -->
    </test> <!-- Default test -->
  </suite> <!-- Default suite -->
</testng-results>
